<?xml version="1.0" encoding="UTF-8"?>
<testsuite name="CliniqueManagementTest" tests="1" skipped="0" failures="0" errors="0" timestamp="2020-05-10T11:13:21" hostname="blackhawkkk" time="0.45">
  <properties/>
  <testcase name="givenFile_whenSearchPatientByMobileNumber_shouldReturnFalse" classname="CliniqueManagementTest" time="0.45"/>
  <system-out><![CDATA[]]></system-out>
  <system-err><![CDATA[]]></system-err>
</testsuite>
