<?xml version="1.0" encoding="UTF-8"?>
<testsuite name="CliniqueManagementTest" tests="1" skipped="0" failures="0" errors="0" timestamp="2020-05-10T10:45:27" hostname="blackhawkkk" time="0.433">
  <properties/>
  <testcase name="givenFile_whenSearchPatientById_shouldReturnFlase" classname="CliniqueManagementTest" time="0.433"/>
  <system-out><![CDATA[]]></system-out>
  <system-err><![CDATA[]]></system-err>
</testsuite>
