<?xml version="1.0" encoding="UTF-8"?>
<testsuite name="CliniqueManagementTest" tests="1" skipped="0" failures="0" errors="0" timestamp="2020-05-10T10:20:28" hostname="blackhawkkk" time="0.448">
  <properties/>
  <testcase name="givenFile_whenSearchDoctorById_shouldReturnFlase" classname="CliniqueManagementTest" time="0.448"/>
  <system-out><![CDATA[]]></system-out>
  <system-err><![CDATA[]]></system-err>
</testsuite>
